"2004-03-18,12"	""
"2004-03-18,12"	" Added commas, fixed McQuinn link"
"2004-03-20,12"	" more see also"
"2004-03-22,12"	""
"2004-03-22,12"	""
"2004-03-22,12"	" rv - calling the dictionary naive isnt very neutral"
"2004-03-22,12"	""
"2004-03-22,12"	" rv, changes innacurate/POV"
"2004-03-23,12"	" rv, not POV to say \"this definition\". More POV to use term \"conventional definition\". Go to talk page before rv again!"
"2004-03-23,12"	" anrachy changed to anarchism"
"2004-03-26,12"	" fixing assassinated heads of state links"
"2004-03-26,12"	" Between 1894 and 1901, individual anarchists assassinated numerous heads of state... [making it clear it wasn't some organised group of anarchists]"
"2004-03-26,12"	""
"2004-03-26,12"	" in anarchist? philosophies->in anarchist philosophies"
"2004-03-29,12"	" removing dispute header"
"2004-03-30,12"	" =Periodicals= Moved \"The\" outside the link to \"Anarchist Black Cross\", now it should work"
"2004-03-31,12"	" [anarchists intend] \"[[anarchy]]\" to refer to a desirable stateless society rather than a chaotic political situation."
"2004-03-31,12"	" =Anarchy="
"2004-03-31,12"	" clarity"
"2004-04-02,12"	""
"2004-04-02,12"	" theoretically desirable stateless society said to be different from a chaotic political situation"
"2004-04-02,12"	" rather, it intends \"[[anarchy]]\" to refer to a stateless society said to be different from a chaotic political situation."
"2004-04-02,12"	""
"2004-04-03,12"	" anarchists intend anarchy to refer to a desirable stateless society"
"2004-04-03,12"	" refer to a theoretically desirable stateless society, saying it is desirable is POV"
"2004-04-12,12"	" =Hungarian Revolution (1956)="
"2004-04-13,12"	" rework intro to include common definition of anarchy"
"2004-04-14,12"	" heirarchy => hierarchy"
"2004-04-14,12"	" intro = include social movements, remove definition for \"anarchy\""
"2004-04-14,12"	" =Anarchist movements="
"2004-04-15,12"	""
"2004-04-15,12"	""
"2004-04-18,12"	""
"2004-04-18,12"	" changed play-write in playwright"
"2004-04-20,12"	" and the instalation of [[egalitarianism]]"
"2004-04-22,12"	" added the links to articles in other languages"
"2004-04-22,12"	""
"2004-04-25,12"	" intl"
"2004-04-28,12"	""
"2004-05-02,12"	""
"2004-05-02,12"	" corrected ja:"
"2004-05-02,12"	" rv deletion of egalitarian by anon, discuss in talk"
"2004-05-03,12"	" =Modern anarchism= In the cold war, \"liberal\" is a better description of the West than \"democratic\""
"2004-05-03,12"	" rm mention of egalitarianism from the 1st sentance"
"2004-05-03,12"	" =Anarchist social organization= controlling anti-social behavior"
"2004-05-03,12"	" =Anarchist social organization= typo from my last edit"
"2004-05-03,12"	" =Anarchist political organization= confederations"
"2004-05-03,12"	" First part of article heavily edited and reorganized. I'll get to the latter half in a bit, but I wanted to save the edit before it got much more substantial."
"2004-05-03,12"	" OK, I've done what I can with what's in the article. I think that a whole lot of stuff that's currently in other articles needs to be moved into this article."
"2004-05-03,12"	" =Books="
"2004-05-03,12"	" =Books="
"2004-05-03,12"	" =Violence and non-violence="
"2004-05-03,12"	" =See also= [[Anarchism and violence]] removed - all content was redundant, article is now a redirect."
"2004-05-03,12"	" =Precursors of anarchism= Content from [[Historical origins of anarchism]] folded in"
"2004-05-03,12"	" =See also= [[Historical origins of anarchism]] deleted - all content has now been folded into this article. Old article is a redirect."
"2004-05-03,12"	" Added anarchism and Marxism. Not done - just have to eat dinner."
"2004-05-03,12"	" =Arguments surrounding the issue of the state="
"2007-05-24,10"	" Robot: Automated text replacement (-\\[\\[(.*?[\\:|\\|])*?(.+?)\\]\\] +\\g<2>)"
"2007-05-24,6"	" Robot: Automated text replacement (-\\[\\[(.*?[\\:|\\|])*?(.+?)\\]\\] +\\g<2>)"
"2007-05-24,8"	" Robot: Automated text replacement (-\\[\\[(.*?[\\:|\\|])*?(.+?)\\]\\] +\\g<2>)"
"2004-03-03,12"	" see Talk on the functioning anarchies"
"2004-03-03,12"	" rearrangement of free information movements"
"2004-03-03,12"	" +w:pt"
"2004-03-03,12"	""
"2004-03-03,12"	" more on functional/dysfunctional anarchy"
"2004-03-03,12"	""
"2004-03-03,12"	""
"2004-03-03,12"	""
"2004-03-03,12"	""
"2004-03-03,12"	""
"2004-03-03,12"	""
"2004-03-04,12"	""
"2004-03-04,12"	""
"2004-03-04,12"	""
"2004-03-04,12"	""
"2004-03-04,12"	""
"2004-03-04,12"	""
"2004-03-04,12"	""
"2004-03-04,12"	""
"2004-03-04,12"	""
"2004-03-04,12"	""
"2004-03-04,12"	""
"2004-03-04,12"	""
"2004-03-04,12"	""
"2004-03-04,12"	""
"2004-03-04,12"	""
"2004-03-04,12"	""
"2004-03-04,12"	""
"2004-03-04,12"	" De-emphasising \"radical individualism\", which seems to be less (not more as I had once thought) specific. But keeping both links."
"2004-03-04,12"	" Replaced term \"commodity\" with \"good\" in Free Software one liner. FS Movement doesn't aim at alienated exchange/use value embodyments."
"2004-03-04,12"	""
"2004-03-04,12"	" adding sentance tointroduction"
"2004-03-04,12"	" [[anarchy]] -> [[anomie]] (see talk)"
"2004-03-04,12"	" added links"
"2004-03-04,12"	" Quoted Toby from talk page"
"2004-03-04,12"	" this article is much improved from what I've read so far!"
"2004-03-04,12"	" Spanish Revolution/Civil war"
"2004-03-04,12"	" functioning anarchies in reverse chronological order"
"2004-03-04,12"	""
"2004-03-04,12"	""
"2004-03-04,12"	""
"2004-03-04,12"	""
"2004-03-04,12"	""
"2004-03-04,12"	""
"2004-03-04,12"	""
"2004-03-04,12"	" Moving examples of anomie to [[Anomie]], per talk."
"2004-03-05,12"	""
"2004-03-05,12"	" NPOV header"
"2004-03-05,12"	" anomie is not an acceptable substitute for anarchy, they arn't the same"
"2004-03-05,12"	""
"2004-03-06,12"	" Removed message: '''''Don't feed the troll.''''' (if this has some deep, hidden meaning (i.e., a point) please tell me)"
"2004-03-07,12"	" title changed from Spain to \"Spanish revolution (1936-1939)\"; should Barcelona be mentioned specifically here?"
"2004-03-07,12"	" section title: \"Hungarian Revolution (1956)\""
"2004-03-07,12"	" section title: \"Argentina (2001-2002)\""
"2004-03-07,12"	" [[Worker occupation]]s of factories and [[popular assembly|popular assemblies]] have both been seen functioning in Argentina, and both are the kind of action endorsed by anarchists: the first is a cas"
"2004-03-07,12"	""
"2004-03-11,12"	""
"2004-03-13,12"	" typo"
"2004-03-13,12"	" removing disputed sentance"
"2004-03-13,12"	" adding sentance to 1st paragraph"
"2004-03-13,12"	" reducing a sentance"
"2004-03-13,12"	" duplicate wikilink"
"2004-03-13,12"	" adding citation, altering sentance, changing header"
"2004-03-13,12"	" wikilinks, rewrites of sentances"
"2004-03-13,12"	" rewrite of sentance"
"2004-03-13,12"	" adding sentance"
"2004-03-13,12"	" removed sentance, changed header"
"2004-03-14,12"	" duplicate \"is\""
"2004-03-14,12"	" grammer"
"2004-03-14,12"	" removing innacurate sentance"
"2004-03-14,12"	" anarchy is not regarded that way by political science"
"2004-03-14,12"	" rm \"however,\""
"2004-03-14,12"	" adding \"philosophical \""
"2004-03-14,12"	" adding \"philosophical\" in place of conventional"
"2004-03-14,12"	" rewrite of sentance"
"2004-03-14,12"	" NPOV, wikilinks, fmt"
"2004-03-14,12"	" adding syndicalism and nihilism"
"2004-03-14,12"	""
"2004-03-14,12"	" NPOV, moving paragraph to talk"
"2004-03-14,12"	" NPOV"
"2004-03-14,12"	" adding sentance"
"2004-03-14,12"	" added to my sentance"
"2004-03-14,12"	" Hungarian Revolution (1956) successful communism?"
"2004-03-14,12"	" NPOV"
"2004-03-14,12"	" A conventional view of argentinian politics"
"2004-03-14,12"	" NPOV"
"2004-03-14,12"	" NPOV, wikilinks"
"2004-03-14,12"	" NPOV"
"2004-03-14,12"	" rewrite of some sentances"
"2004-03-14,12"	" NPOV"
"2004-03-14,12"	" removing strange dead wikilink"
"2004-03-14,12"	" NPOV"
"2004-03-14,12"	" NPOV"
"2004-03-14,12"	" NPOV"
"2004-03-14,12"	" correction"
"2004-03-14,12"	" NPOV"
"2004-03-14,12"	" rewrite of sentance"
"2004-03-14,12"	" numerous spelling and grammer edits"
"2004-03-14,12"	""
"2004-03-14,12"	" Made formatting consistent"
"2004-03-14,12"	" \"premiss\" is the spelling Russell used, we might as well keep the quote exact :) check the dictionary, it is a valid alternative spelling!"
"2004-03-15,12"	" change sentence: \"anarchist thought does not advocate for [[chaos]] or [[anomie]], and has a very different interpretation of [[anarchy]] than the popular definition.\" ?"
"2004-03-15,12"	""
"2004-03-16,12"	" The anarchy sought by phil anarchists is not merely \"said\" not to be anomie. Those who disown ac are not necessarily soc or com. Anarchism doesn't entail a \"theoretical\" absence of coercion"
"2004-03-16,12"	" There were a handful of propaganda by the deed events amongs tens of thousands of anarchists, thus it was not a popular tactic. Two sentences moved to talk page."
"2004-03-16,12"	""
"2004-03-16,12"	""
"2004-03-16,12"	" correction, citation 1st paragraph"
"2004-03-16,12"	" somalia is refered to as being in a state of anarchy by everyone"
"2004-03-16,12"	" imp. distinction\"The [[anarchy]] sought by these philosophical anarchists is said not to be [[chaos]] or [[anomie]]"
"2004-03-16,12"	" grammer"
"2004-03-16,12"	" placing paragraph from talk I edited (no objections stated)"
"2004-03-16,12"	""
"2004-03-16,12"	" Reverted edits by 4.35.129.48 to last version by Sam Spade"
"2004-03-16,12"	" rm \"corporate\" - really!"
"2004-03-16,12"	" \"US gov't\" does not have views"
"2004-03-16,12"	" Not all media coverage suggests this, nor do I accept that the view of the C.I.A., or any state propaganda organ, is automatically \"conventional\""
"2004-03-16,12"	" rewrite of sentance"
"2004-03-16,12"	" correction, its nmot sometimes, its nearly always refered to that way"
"2004-03-16,12"	" even better rewrite of sentance"
"2004-03-16,12"	" view -> description (it seems pretty factual to me anyway)"
"2004-03-16,12"	" rewrite of \"Anarchist political organization\""
"2004-03-16,12"	" removed my unnecessary \"'s"
"2004-03-16,12"	" NPOV"
"2004-03-16,12"	" you can theorsize about how their might be, but there will never be an abscense of coercian"
"2004-03-16,12"	" NPOV"
"2004-03-17,12"	" rewrite of sentance discussed in talk, 1st par"
"2004-03-17,12"	" 2nd rewrite of said sentance"
"2004-02-03,12"	""
"2004-02-03,12"	" Gerrard Winstanley"
"2004-02-04,12"	" *[[May 1968]], France"
"2004-02-05,12"	""
"2004-02-05,12"	""
"2004-02-05,12"	""
"2004-02-13,12"	" Added a link to the Russian Wikipedia"
"2004-02-13,12"	" corrected the link to the Russian Wikipedia"
"2004-02-13,12"	""
"2004-02-16,12"	" This paragraph was taken out because it gives the false impression that anarcho-capitalism was a major development in American anarchism. This is clearly false as most anarchists would tell you."
"2004-02-16,12"	" Added some living anarchists to better represent the famous anarchists section."
"2004-02-16,12"	" Added NAA link and GA links"
"2004-02-16,12"	" Added Ba Jin"
"2004-02-16,12"	" Added ASR, Social Anarshim and NEA to the list of journals, Added \"other\" list"
"2004-02-16,12"	" Added more links"
"2004-02-16,12"	" Added Starhawk"
"2004-02-18,12"	" Added Howard Zinn & Hungarian Revolution of 1956 to lists of people & events"
"2004-02-19,12"	" Buenaventura Durruti"
"2004-02-19,12"	" + no"
"2004-02-19,12"	" serious pov since last year's compromise was abandoned, working on"
"2004-02-20,12"	" moving moved para i inadvertently misplaced"
"2004-02-21,12"	" Minor spelling and link changes"
"2004-02-21,12"	""
"2004-02-21,12"	" restoring deleted paragraph"
"2004-02-21,12"	" restoring other deleted para"
"2004-02-23,12"	" Chuck discussed the changes, reverting them without replying to or in any way addressing his concerns is not constructive"
"2004-02-23,12"	" Wikipedia a paragon of anarchy"
"2004-02-23,12"	" no, those changes were not discussed; \"anti-ideological\" is silly and pov"
"2004-02-23,12"	""
"2004-02-23,12"	" removing speculation and non-NPOV statements"
"2004-02-25,12"	""
"2004-02-26,12"	" wiki a paragon of anarchy"
"2004-02-26,12"	" resurrecting \"anarchies functioning today\" paragraph from oct 2002 version of this page!"
"2004-02-26,12"	" Development of Anarchism: on the Anabaptists, quote from Bertrand Russell's History of Western Philosophy"
"2004-02-26,12"	""
"2004-02-26,12"	" Added argentina"
"2004-02-26,12"	""
"2004-02-26,12"	""
"2004-02-26,12"	""
"2004-02-26,12"	""
"2004-02-26,12"	""
"2004-02-26,12"	""
"2004-02-26,12"	""
"2004-02-26,12"	""
"2004-02-26,12"	" balancing heavy pov in functioning section"
"2004-02-26,12"	" moving portion to talk"
"2004-02-27,12"	" I discussed previously why the former description of anarchism was inadequate, this was then reverted without discussion. I'm putting it back in pending discussion."
"2004-02-27,12"	" Alternate view of Proudhon as \"founder\" of modern anarchism expressed"
"2004-02-27,12"	" Introducing and contrasting Bakunin based primarily on violence suffers from a misplaced emphasis, hopefully this whole passage can be reworked later"
"2004-02-27,12"	" (sp)"
"2004-02-27,12"	" \"previous anarchist traditions\" is redundant in this case to anarchist tradition - ACs are not disowned only by \"left-wing\" anarchists"
"2004-02-27,12"	" (sp)"
"2004-02-27,12"	" rm duplicate \"individuals\""
"2004-02-27,12"	""
"2004-02-27,12"	""
"2004-02-27,12"	" Removed highly problematic section pending rewrite. Reasons on talk page"
"2004-02-27,12"	""
"2004-02-27,12"	""
"2004-02-27,12"	""
"2004-02-28,12"	" Bolded as per Manual of Style: http://en.wikipedia.org/wiki/Wikipedia:Manual_of_Style#Article_introductions"
"2004-02-29,12"	" edits, mostly restoring info; see talk"
"2004-03-01,12"	" Mostly reverts back to status before of VV's slew of reverts, a couple changes to wording as well"
"2004-03-01,12"	" counter; see talk"
"2004-03-01,12"	" Revert of VVs last set of identical reverts"
"2004-03-01,12"	" Add this to intro: \"While anarchists are known primarily for their opposition to the state, most insist that anarchism is much more than that.\" -- needs improving!!"
"2004-03-01,12"	""
"2004-03-01,12"	""
"2004-03-01,12"	""
"2004-03-01,12"	" \"the primary tenet\" to \"a primary tenet\""
"2004-03-01,12"	" we'll give working on intro and misisng para some time, but restoring this sentence since absolutely no counter other than kev's accusations"
"2004-03-01,12"	""
"2004-03-01,12"	""
"2004-03-01,12"	""
"2004-03-01,12"	""
"2004-03-01,12"	""
"2004-03-01,12"	""
"2004-03-01,12"	""
"2004-03-01,12"	""
"2004-03-01,12"	""
"2004-03-01,12"	""
"2004-03-01,12"	""
"2004-03-01,12"	" Editing sentence to account for both my objection and VVs grammar concerns. Noting VVs contention that my objections are worthless and his unwillingness to either discuss or address them."
"2004-03-01,12"	""
"2004-03-01,12"	""
"2004-03-01,12"	""
"2004-03-01,12"	""
"2004-03-01,12"	""
"2004-03-01,12"	""
"2004-03-01,12"	""
"2004-03-01,12"	""
"2004-03-01,12"	" rewriting intro to accommodate"
"2004-03-01,12"	" how did that happen"
"2004-03-01,12"	""
"2004-03-01,12"	""
"2004-03-01,12"	""
"2004-03-01,12"	""
"2004-03-01,12"	""
"2004-03-01,12"	""
"2004-03-01,12"	""
"2004-03-01,12"	""
"2004-03-01,12"	""
"2004-03-01,12"	""
"2004-03-01,12"	""
"2004-03-01,12"	""
"2004-03-01,12"	""
"2004-03-01,12"	""
"2004-03-01,12"	""
"2004-03-01,12"	""
"2004-03-01,12"	""
"2004-03-01,12"	" So much for holding off on the intro pending discussion, eh VV?"
"2004-03-01,12"	" discuss it is exactly what i did; what is your problem?"
"2004-03-01,12"	""
"2004-03-01,12"	" Miguel is not happy with this sentence."
"2004-03-01,12"	""
"2004-03-01,12"	" A discussion requires 2 people talking, not one posting and then reverting. It was on exactly this point that you reverted Chuck earlier, yet when you do the same thing you claim it as \"discussion\""
"2004-03-01,12"	""
"2004-03-01,12"	" my intro is clearly more neutral and clear; do not keep reverting it, i have been adpa"
"2004-03-01,12"	" Link: Articles should be named after ideas, not after people that hold them (much less in plural). Also, clarify a pronoun."
"2004-03-01,12"	" Fix headers."
"2004-03-02,12"	""
"2004-03-02,12"	" radical->anarchist"
"2004-03-02,12"	""
"2004-03-02,12"	""
"2004-03-02,12"	" Major rearrangement --- needs work"
"2004-03-02,12"	" link sentences"
"2004-03-02,12"	""
"2004-03-02,12"	""
"2004-03-02,12"	""
"2004-03-02,12"	""
"2004-03-02,12"	""
"2004-03-02,12"	""
"2004-03-02,12"	""
"2004-03-02,12"	""
"2004-03-02,12"	""
"2004-03-02,12"	""
"2004-03-02,12"	""
"2004-03-02,12"	""
"2004-03-02,12"	""
"2004-03-02,12"	" Opposition to individual freedom? ^_^"
"2004-03-02,12"	""
"2004-03-02,12"	""
"2004-03-02,12"	""
"2004-03-02,12"	""
"2004-03-02,12"	""
"2004-03-02,12"	" anarchies functioning today => functioning anarchies"
"2004-03-02,12"	" Added necessary sections (empty, though)"
"2004-03-02,12"	""
"2004-03-02,12"	""
"2004-03-02,12"	""
"2004-03-02,12"	" Minor edits, more substantial ones suggested on talk page"
"2004-03-02,12"	" spelling"
"2004-03-02,12"	" not nec a *result* of this"
"2004-03-02,12"	" Add \"as\" per recent talk."
"2004-03-02,12"	" + discussion of \"non-\" functioning anarchies"
"2004-03-02,12"	" commodified NOT commoditized. Also added information that online anarchist movements are anti-commodity and pro-use-value. (Even the pro-capitalist movements are anti-commodity, weird eh?)"
"2004-03-02,12"	""
"2004-03-02,12"	""
"2004-01-02,12"	" [[nation state|[nation] state]]"
"2004-01-02,12"	" on reflection, I think \"[[nation state|the state]]\" is clear enough"
"2004-01-02,12"	" beginning section on 'anarchy not chaos'"
"2004-01-02,12"	" events: Paris Commune (1871), May-June revolt in France (1968)"
"2004-01-02,12"	""
"2004-01-02,12"	""
"2004-01-02,12"	" expanding on 'anarchy'"
"2004-01-02,12"	" grammar"
"2004-01-02,12"	" without government"
"2004-01-03,12"	" anarchist schools of thought: rough, brief draft"
"2004-01-03,12"	" ...where the fate of the individual was tied to that of society."
"2004-01-03,12"	""
"2004-01-04,12"	""
"2004-01-04,12"	" mentioning Godwin as the \"founder of philosophical anarchism\" & Proudhon as first to call himself an anarchist"
"2004-01-04,12"	" moving anarcho-primitivist view of prehistoric society"
"2004-01-05,12"	" add [[Mikhail Bakunin]]'s ''[[God and the State]]'' to \"books\""
"2004-01-05,12"	" consistency"
"2004-01-05,12"	""
"2004-01-06,12"	""
"2004-01-06,12"	""
"2004-01-06,12"	""
"2004-01-06,12"	""
"2004-01-06,12"	""
"2004-01-06,12"	""
"2004-01-06,12"	""
"2004-01-06,12"	""
"2004-01-06,12"	""
"2004-01-06,12"	" anarchists oppose government"
"2004-01-06,12"	""
"2004-01-06,12"	""
"2004-01-06,12"	" anarchists still oppose government; Godwin founded \"philosophical anarchism\""
"2004-01-06,12"	""
"2004-01-06,12"	" Anyone who opposes government on principle is considered an anarchist."
"2004-01-06,12"	""
"2004-01-06,12"	""
"2004-01-06,12"	""
"2004-01-06,12"	" the state"
"2004-01-06,12"	""
"2004-01-06,12"	""
"2004-01-06,12"	" Paragraph on pacifism"
"2004-01-07,12"	" removed dead link"
"2004-01-08,12"	""
"2004-01-08,12"	" rewrite of a couple sentances"
"2004-01-08,12"	" anarchism means no state, saying anarchists advocated government is ridiculous. Also anarchism is not Communism."
"2004-01-08,12"	" rv -- anarchism means \"no rulers\"; not \"no government\" -- there are anarchist bureacracies"
"2004-01-08,12"	""
"2004-01-08,12"	" what is socialist about anarchism? Socialism in no way implies lack of heirarchy"
"2004-01-08,12"	""
"2004-01-09,12"	" new introduction"
"2004-01-09,12"	" NPOVing myself, I think"
"2004-01-09,12"	" rewrite of intro"
"2004-01-09,12"	""
"2004-01-09,12"	" links, etc..."
"2004-01-09,12"	" adding mention of terrorism/assasination"
"2004-01-09,12"	" adding \"however\""
"2004-01-09,12"	" many edits"
"2004-01-09,12"	" removing unnecessary scraps"
"2004-01-09,12"	" edit for clarity, factual accuracy"
"2004-01-09,12"	" no external web links in text"
"2004-01-10,12"	" move contentious passage to talk page for discussion"
"2004-01-10,12"	" edit"
"2004-01-10,12"	" restoring external references"
"2004-01-10,12"	" making suggested changes"
"2004-01-10,12"	" making suggested changes, and others"
"2004-01-10,12"	" mending links"
"2004-01-10,12"	" adding Anarcho-capitalism link"
"2004-01-10,12"	" adding mention of syndicalism, objections"
"2004-01-10,12"	" adding mention of recent rioting"
"2004-01-10,12"	" change of discription of anarcho-capitalism"
"2004-01-10,12"	" adding link to anarcho-syndicalism"
"2004-01-10,12"	" adding link to anarcho-syndicalism"
"2004-01-10,12"	" adding comment on primitivism"
"2004-01-10,12"	" making suggested edit"
"2004-01-11,12"	" Changed 'trough' to 'through' because 'trough' is a noun."
"2004-01-11,12"	" Recently, anarchists have been involved in many of large [[political protest|protest]]s at [[World Trade Organization]] and [[Group of Seven]] meetings and the [[World Economic Forum]]..."
"2004-01-11,12"	" disambiguation"
"2004-01-11,12"	" correction"
"2004-01-11,12"	" correction"
"2004-01-12,12"	" Recently, anarchists have been known for their involvement in [[protest]]s..often portrayed as violent riots. Many anarchists were part of the ''[[black bloc]]s''..[[property destruction]]"
"2004-01-12,12"	" changing two to three"
"2004-01-12,12"	" a variety of minor edits, none controvercial (I hope!)"
"2004-01-13,12"	" \"violence and non-violence\" section -- some taken from [[anarchism and violence]], some from article, may be some repetition"
"2004-01-13,12"	" more explaination of primitivist view of prehistoric \"anarchy\""
"2004-01-13,12"	" events: * [[Seattle riots]] ([[1999]])"
"2004-01-13,12"	" removing \"wrongly\" and subtituting \"meeting\" with \"gathering\""
"2004-01-13,12"	" gathering=>meeting"
"2004-01-14,12"	" taking out parts I disagree with -- eg. the seperation between \"individualism\", \"libertarian socialism\" etc, I don't think it's helpful"
"2004-01-14,12"	" +Anarchists in Greece"
"2004-01-14,12"	""
"2004-01-14,12"	""
"2004-01-15,12"	" introduction in two paragraphs, (1) what anarchists believe; (2) the importance/influence of anarchism"
"2004-01-15,12"	" wikilinks"
"2004-01-15,12"	" violence: re-structuring sentences for NPOV purposes"
"2004-01-15,12"	""
"2004-01-16,12"	" revert to my last edit; 67's changes were not useful, true or neutral"
"2004-01-19,12"	" Copyedited; formatted; added infoAnarchy to ==External links=="
"2004-01-19,12"	" Formatted further"
"2004-01-19,12"	" wikilinks"
"2004-01-19,12"	" slight clarification in opening sentance"
"2004-01-21,12"	" spelling"
"2004-01-22,12"	" libertarian socialism and anarcho-capitalism fundamentally different"
"2004-01-24,12"	" Linked directly to external page for INFOrm instead of wikipage"
"2004-01-25,12"	" +gl"
"2004-01-28,12"	" Kropotkin's _Mutual Aid_ isn't really a different *theory* of evolution"
"2004-01-28,12"	" Mentioned specifically \"anarcha-feminism\"."
"2004-01-28,12"	" improvements to para. on godwin and proudhon"
"2004-01-28,12"	" deleting useless/incorrect line"
"2004-01-30,12"	""
"2004-01-30,12"	" Restored external link removed without explanation"
"2004-01-30,12"	""
"2004-01-30,12"	" spelling: Czolgosz"
"2004-01-31,12"	" occured -> occurred"
"2004-01-31,12"	""
"2004-02-01,12"	""
"2004-02-02,12"	" Variety of edits, most according to previous talk page discussion. All major changes refered to there."
"2004-02-02,12"	" Bolded"
"2004-02-02,12"	" removing comma"
"2004-02-02,12"	" removing wikilinks which will never grow"
"2004-02-02,12"	" adding primitavist rejection of technology, mention of unabomber"
"2004-02-02,12"	" sentance adjustment"
"2004-02-02,12"	" changing property destruction to vandalism"
"2004-02-02,12"	" changing \"party politics\" to political parties"
"2004-02-02,12"	" clarification"
"2004-02-02,12"	" replacing \"political violence\""
"2004-02-02,12"	" clarification"
"2004-02-02,12"	" altered wikilinks"
"2004-02-02,12"	" property destruction=vandalism"
"2004-02-02,12"	" 2 minor reverts discussed on talk page"
"2003-09-05,12"	" +ja"
"2003-09-23,12"	" link"
"2003-09-23,12"	" clean up intro somewhat"
"2003-09-24,12"	" npov"
"2003-09-30,12"	""
"2003-09-30,12"	""
"2003-09-30,12"	""
"2003-10-21,12"	""
"2003-10-21,12"	" Reverted to last edit by 134.126.137.141"
"2003-10-21,12"	" es:"
"2003-10-24,12"	""
"2003-10-30,12"	""
"2003-11-06,12"	""
"2003-11-07,12"	""
"2003-11-07,12"	" Spacing fixes around headings"
"2003-11-08,12"	" Anarchism first achieved [[mass media]] attention; during the [[Second Industrial Revolution]],"
"2003-11-11,12"	" restoring (too long ago) deleted distinction"
"2003-11-11,12"	" +neutral link"
"2003-11-11,12"	""
"2003-11-15,12"	" Added link to [[Anarchist Party of Canada]]"
"2003-11-15,12"	" Removed [[anarchist groups]] link due to a list of organizations already being on this page."
"2003-11-15,12"	" Spelling correction"
"2003-11-16,12"	" Removed link that belongs on anarcho-capitalist page, changed \"left-anarchist\" a misnomer, to \"libertarian socialist\""
"2003-11-16,12"	""
"2003-11-17,12"	" added back useful xlink, but with caveat"
"2003-11-18,12"	" Added although and joined two sentences in section referring to propganda by deed as current form read a little ambiguously"
"2003-11-18,12"	" Added although and joined two sentences in section referring to propganda by deed as current form read a little ambiguously"
"2003-11-18,12"	" Changed caveat."
"2003-11-18,12"	" If the anarchist FAQ is \"from a libertarian socialist perspective\" then Caplans is from a capitalist one."
"2003-11-18,12"	" false; caplan's faq *clearly* discusses/defends both forms of anarchism as a unit and is not specifically capitalist; strengthening caveat"
"2003-11-19,12"	" correcting :es link"
"2003-11-19,12"	" It read \"from the perspective of a capitalist.\" Caplan is a capitalist. Further, I would be happy to discuss its heavy bias and selective fact selection on the discuss page."
"2003-11-19,12"	" removing idiocy, demoting to allegation due to lack of evidence"
"2003-11-19,12"	" Could we refrain from the insults VV? Your evidence is waiting on the discussion page, where I'm always willing to address your concerns."
"2003-11-19,12"	""
"2003-11-19,12"	" fix"
"2003-11-19,12"	""
"2003-11-20,12"	" dropped in synonym instead, removed illusory parallel"
"2003-11-20,12"	" Removing non-neutral descriptive, giving description that parallels edits made by importer of link"
"2003-11-20,12"	" not same; unlike infoshop, it does defend/discuss other views"
"2003-11-20,12"	" Infoshop defends and discusses individualism and egoism, you are only insisting they are different because it does not defend the one particular ideology. This is an obvious double standard."
"2003-11-20,12"	" Both FAQs can be considered controversial by people on the other side."
"2003-11-23,12"	""
"2003-11-24,12"	" see also anarchism and private property (which had no links to it yet...)"
"2003-11-25,12"	" I would say most anarchists today do not advocate assassination seriously"
"2003-11-27,12"	" \"Freedom is speculated as\" is a poor phrase. changed diamat to histmat, reasons in talk:, Altered US-centric opinion on anarchism as identity politics to reflect US origin of this idea."
"2003-11-27,12"	" removed \"to what end is not apparent to many non-anarchists\" -- irrelevant! Reworded statement that suggested wikipedia articles being written from a particular POV"
"2003-11-27,12"	" Anyone who wishes to abolish the state without replacing it with another form of government is usually considered an anarchist, so there are some vastly different views under the umbrella term \"anarch"
"2003-11-27,12"	" Edited to reflect that some anarchisms are historical materialist, like marxism, but that marxism is not an anarchism"
"2003-11-27,12"	" removed \"the\""
"2003-11-27,12"	" added \",\""
"2003-11-28,12"	""
"2003-11-30,12"	" npoved link to sovereignty of the individual which is not a doctrine of all anarchists."
"2003-12-04,12"	" -da: -es: -he:"
"2003-12-05,12"	" corrected several grammatical and spelling mistakes"
"2003-12-08,12"	" moving questionable paragraph to [[Talk:Anarchism and Marxism]]"
"2003-12-08,12"	" removing hidden comment to talk"
"2003-12-08,12"	""
"2003-12-08,12"	" [[anarcho-communism]] just links to [[libertarian socialism]]"
"2003-12-08,12"	" some changes"
"2003-12-09,12"	" robot interwiki standardization"
"2003-12-11,12"	""
"2003-12-13,12"	" es"
"2003-12-24,12"	" many forms of anarchism do not oppose \"government\", they oppose \"totalitarianism\"/\"republicanism\""
"2003-12-24,12"	""
"2003-12-24,12"	""
"2003-12-27,12"	""
"2003-12-31,12"	" basic version of new re-write from [[User:Sam_Francis/Anarchism]]"
"2003-12-31,12"	" created a heading so that TOC will be at the top"
"2003-12-31,12"	""
"2003-12-31,12"	" * [[Propaganda of the deed]]"
"2003-12-31,12"	""
"2003-12-31,12"	""
"2003-12-31,12"	" situationism & anarcho-punk"
"2003-12-31,12"	" adding Benjamin Tucker quote to first para. -- good summary, I think"
"2003-12-31,12"	" adding Tucker to see also, biographies"
"2003-12-31,12"	" punk & Crass"
"2003-12-31,12"	""
"2003-12-31,12"	""
"2003-12-31,12"	" ==Overview and brief history=="
"2003-12-31,12"	" simplifying to ensure the brief history is 'brief' :"
"2003-12-31,12"	" [[anarchism and the arts]] (anarchist artists and anarchist influences on art)"
"2003-12-31,12"	""
"2003-12-31,12"	" At the beginning of the [[21st century]], anarchism has incorporated strong influences from the [[feminism|feminist]] and [[animal rights]] movements."
"2003-12-31,12"	" Anarchism has also grown in popularity as part of the [[anti-capitalism|anti-capitalist]] and [[anti-globalisation]] movements."
"2003-12-31,12"	" anti war"
"2003-12-31,12"	""
"2003-12-31,12"	" North American and European anarchist inheritance"
"2003-12-31,12"	" the influence of anarchism"
"2003-12-31,12"	" sp error"
"2003-12-31,12"	" ancient origins of anarchism"
"2003-12-31,12"	""
"2003-12-31,12"	""
"2003-12-31,12"	""
"2003-12-31,12"	""
"2003-12-31,12"	""
"2003-12-31,12"	""
"2003-12-31,12"	""
"2003-12-31,12"	""
"2004-01-01,12"	" please keep TOC at top of article"
"2004-01-01,12"	" I'm not sure what this was supposed to mean, but the square brackets looked extraneous"
"2004-01-01,12"	" if you don't know what it means, you probably shouldn't remove it"
"2004-01-01,12"	""
"2002-12-18,12"	" Just tweaking my disclaimer a bit."
"2002-12-18,12"	" One more external link."
"2002-12-21,12"	" green anarchism link"
"2002-12-31,12"	" A few more external links, two Chomsky archives, one Emma Goldman archive."
"2003-01-01,12"	" [[New Latin]]"
"2003-01-05,12"	" made development briefer (more detail on Zeno at Libertarian socialism), plus box 'for further info, see [[libertarian socialism]]'"
"2003-01-05,12"	" Copyediting the libertarian socialism float box."
"2003-01-06,12"	""
"2003-01-06,12"	" Undoing the work of a stupid vandal."
"2003-01-06,12"	" [[anarchy]] (!)"
"2003-01-12,12"	" took out 'Noam Chomsky archives from links (mostly not about anarchism); added more to libertarian socialism (Spanish Civil War and movements today)"
"2003-01-12,12"	" [http://www.blackcrayon.com/page.jsp/library/britt1910.html], cite for anarchists in ancient greece (Kropotkin in Britannica)"
"2003-01-18,12"	""
"2003-01-18,12"	""
"2003-01-18,12"	" slightly more comprehensive treatment of green anarchist groups, links to anti-globalization movement"
"2003-01-18,12"	""
"2003-01-18,12"	""
"2003-01-18,12"	""
"2003-01-18,12"	""
"2003-01-18,12"	""
"2003-01-18,12"	""
"2003-01-18,12"	" removing external links list to talk"
"2003-01-19,12"	" editing intro"
"2003-01-19,12"	" added more to first paragraph."
"2003-01-19,12"	" 'While they all clearly support political decentralization, some may find it hard to see how these paradigms could happily coexist' is more NPOV than previous (I think)"
"2003-01-20,12"	" starting to rebuild the external links section -- see talk"
"2003-01-20,12"	""
"2003-01-21,12"	""
"2003-01-22,12"	""
"2003-01-22,12"	" Reverted to last edit by Barkingdoc"
"2003-01-25,12"	" developed the 'anarchist theories' section to a more full discussion of the sub-branches - anarchafeminism needs work, green/eco-anarchism needs checking"
"2003-01-27,12"	" (sp idealogies)"
"2003-02-16,12"	" fixed scifi link"
"2003-02-16,12"	" [[science fiction]]"
"2003-02-16,12"	" slight wording change"
"2003-03-12,12"	""
"2003-03-14,12"	" [[punk rock]],"
"2003-03-14,12"	""
"2003-03-14,12"	""
"2003-03-16,12"	" de:"
"2003-03-19,12"	" added class war to links"
"2003-03-21,12"	""
"2003-03-21,12"	""
"2003-03-21,12"	""
"2003-03-21,12"	""
"2003-03-21,12"	""
"2003-03-21,12"	" Civil Disobedience is the title of the essay, not just subject"
"2003-03-24,12"	""
"2003-03-24,12"	""
"2003-03-24,12"	""
"2003-03-24,12"	""
"2003-03-24,12"	""
"2003-03-24,12"	" integrating comment on \"true anarchists\" into discussion of anarcho-capitalism v. libertarian socialism, further down the page"
"2003-03-24,12"	""
"2003-03-30,12"	" hopefully just expanding and clarifying, making comments as per Uri's post on the Talk page and stating the articles purpose a bit more"
"2003-04-01,12"	""
"2003-04-01,12"	""
"2003-04-03,12"	""
"2003-04-03,12"	""
"2003-04-03,12"	""
"2003-04-03,12"	""
"2003-04-03,12"	""
"2003-04-03,12"	""
"2003-04-03,12"	" political violence and \"[[propaganda by the deed]]\" which a minority of anarchists use and advocate, though mostly in the [[19th century]]...however, many...accept violence in [[self defence]]"
"2003-04-05,12"	""
"2003-04-06,12"	""
"2003-04-06,12"	""
"2003-04-06,12"	" undid some of Dietry Fibre's changes; DF: if you have any queries, please use the talk page"
"2003-04-06,12"	" (In fact, many anarchists see anarchism as inevitable, as the present organisation of society is unsustainable and unsteady, and will eventually give way to anarchist [[revolution]]; this view is..."
"2003-04-10,12"	" removing sentence which seems to make no sense, other edits"
"2003-04-11,12"	" typo, tweak section arrangement"
"2003-04-12,12"	" copyediting"
"2003-04-12,12"	" [[Uruguay]]"
"2003-04-13,12"	" argument about employer contracts"
"2003-04-21,12"	""
"2003-04-21,12"	""
"2003-04-22,12"	""
"2003-04-22,12"	""
"2003-04-22,12"	" rm speculation"
"2003-04-22,12"	" rv - it may not be well written but it shouldnt be summarily deleted"
"2003-04-23,12"	""
"2003-04-25,12"	""
"2003-04-27,12"	" wrote a blurb for editors as a HTML comment"
"2003-04-28,12"	""
"2003-04-28,12"	" Major rehaul"
"2003-04-28,12"	""
"2003-04-28,12"	" typo"
"2003-04-28,12"	""
"2003-04-28,12"	""
"2003-04-28,12"	""
"2003-04-29,12"	" Migration complete"
"2003-04-29,12"	" better URL for the FAQ"
"2003-04-29,12"	" made phrasing more dumb-proof"
"2003-05-03,12"	" change link to [[Collectivism]] to link to [[self-management]] for description of libertarian socialism"
"2003-05-04,12"	" \"Anarchism 101\" => \"Anarchism: the basics\" -- \"101\" has little meaning outside the US college system"
"2003-05-05,12"	" small tweaks"
"2003-05-05,12"	" more tweaks"
"2003-05-06,12"	""
"2003-05-08,12"	" +[[crypto-anarchism]]"
"2003-05-17,12"	""
"2003-05-25,12"	""
"2003-05-26,12"	" the \"Anarchist FAQ\" is all but objective and comprehensive about Anarchism."
"2003-05-26,12"	" external links need not be objective or comprehensive. restoring"
"2003-05-31,12"	" +\"In contrast to common misconceptions, \" . Removed excessive linebreaks"
"2003-05-31,12"	" Headings"
"2003-06-02,12"	""
"2003-07-02,12"	" eo: corrected"
"2003-07-12,12"	""
"2003-07-15,12"	" added monopoly on violence link"
"2003-07-15,12"	" nl:"
"2003-07-15,12"	" header sizes"
"2003-07-15,12"	" list"
"2003-07-15,12"	" opening"
"2003-07-15,12"	" private sector - capitalism"
"2003-07-15,12"	""
"2003-07-15,12"	" link"
"2003-07-15,12"	" --"
"2003-07-15,12"	" Issues involving whether, or not, [[capitalism]] and [[violence]] are acceptable; are controversial within the anarchist [[community]]."
"2003-07-15,12"	""
"2003-07-16,12"	""
"2003-07-24,12"	" disambiguation & linebreaks to make the 'diff' function work better"
"2003-07-31,12"	" [[voluntary association]]"
"2003-08-05,12"	""
"2003-08-06,12"	""
"2003-08-09,12"	" Anarchists would be incapable of existing in an anarchist society?"
"2003-08-10,12"	" products of the state *which are* incapable..."
"2003-08-11,12"	""
"2003-08-24,12"	""
"2003-08-25,12"	""
"2003-08-25,12"	" add critique of abstraction"
"2003-08-25,12"	""
"2003-08-25,12"	" an about identity polytricks"
"2003-08-25,12"	""
"2003-08-25,12"	""
"2003-08-28,12"	""
"2003-08-28,12"	" revert due to vandalism"
"2003-08-29,12"	" NPOV, links"
"2003-09-03,12"	" For a dictionary definition, see [[wiktionary:anarchism]] ; replace similar para"
"2002-10-05,12"	""
"2002-10-05,12"	" historical tendency rather than movement. &I think \"coherent\" is better than \"formal\""
"2002-10-05,12"	""
"2002-10-06,12"	" see also formatted"
"2002-10-07,12"	""
"2002-10-13,12"	""
"2002-10-15,12"	""
"2002-10-15,12"	""
"2002-10-15,12"	""
"2002-10-15,12"	""
"2002-10-15,12"	""
"2002-10-15,12"	""
"2002-10-16,12"	""
"2002-10-16,12"	" Kill incorrect discussion of word anarchos"
"2002-10-16,12"	""
"2002-10-16,12"	""
"2002-10-16,12"	" No, actually, that isn't true either. Anarchos = \"without a leader\", among others."
"2002-10-16,12"	""
"2002-10-16,12"	""
"2002-10-16,12"	""
"2002-10-16,12"	" made first paragraph short and sweet. Will attack the second later."
"2002-10-16,12"	" changed one of the first paragraphs. If you don't like, we could take it to the talk page."
"2002-10-16,12"	" changed one of the first paragraphs. If you don't like, we could take it to the talk page."
"2002-10-16,12"	""
"2002-10-16,12"	" Killed Greek meaning. See talk."
"2002-10-16,12"	""
"2002-10-16,12"	""
"2002-10-16,12"	" \"Libertarian socialism vs. Direct Democracy\" moved to [[libertarian socialism]] talk page"
"2002-10-16,12"	" \"In English, the term anarchism is taken to mean \"no rulers\", as opposed to \"no rules\", which is perhaps the more correct translation.\""
"2002-10-16,12"	""
"2002-10-17,12"	" copyedit, spacing"
"2002-10-17,12"	" [[minarchism|minarchists]] believe or accept that some government be necessary \"-- to enforce law and order, for example.\""
"2002-10-18,12"	" removed extra line"
"2002-10-18,12"	" moved disambiguation"
"2002-10-18,12"	" stirner=schmidt"
"2002-10-18,12"	" disamb at top, with controversial topic note"
"2002-10-18,12"	" put theories in list format, first 4 paragraphs into 2."
"2002-10-18,12"	" further reading moved to libertarian socialism;move it back if it doesn't fit"
"2002-10-18,12"	" replacing [[Kaspar Schmidt]] with his far more common pseudonym [[Max Stirner]]"
"2002-10-18,12"	" removed [[red anarchist]] to talk -- not heard it b4"
"2002-10-18,12"	" [[Ancient Greek language|Greek]], [[leftist|left]], [[rightist|right]]"
"2002-10-18,12"	" merge law and anomie section"
"2002-10-18,12"	" edited bit about green anarchism, syndicalism etc."
"2002-10-19,12"	" some fairly minor changes& additions"
"2002-10-19,12"	""
"2002-10-19,12"	" \"[[leftism|left]]\" and \"[[right-wing politics|right]]\","
"2002-10-19,12"	" [[Greek language|Greek]]"
"2002-10-20,12"	" This is just a small edit to round out the anarcho-capitalist vs. anarcho-socialist debate."
"2002-10-20,12"	" Just adding an 'and'."
"2002-10-20,12"	" attributing a view, and hopefully making it more useful (I hope this is right)"
"2002-10-20,12"	""
"2002-10-20,12"	""
"2002-10-20,12"	" just language fix"
"2002-10-20,12"	" chose -> choose"
"2002-10-22,12"	" Anarchies => anarchies (lower case)"
"2002-10-22,12"	" moved disamb. to [[anarchy]]"
"2002-10-23,12"	""
"2002-10-23,12"	" sp"
"2002-10-26,12"	" some copyediting"
"2002-10-26,12"	" some copyediting"
"2002-10-28,12"	" As [[Benjamin Tucker]] put it, anarchism is the philosophy that \"''all the affairs of men should be managed by individuals or voluntary associations, and that the [[state]] should be abolished.''\""
"2002-10-28,12"	""
"2002-10-28,12"	""
"2002-10-28,12"	" hmm, not sure what you were aiming at there Sam, didn't quite get it though :"
"2002-10-29,12"	" maybe this time.."
"2002-11-06,12"	""
"2002-11-06,12"	""
"2002-11-10,12"	" Basic definition of anarchy and anarchism by the methodology first suggested by Peter Kroptotkin and its main axioms"
"2002-11-10,12"	""
"2002-11-10,12"	" please do not turn this into a left-anarchist rant - see talk (reverting"
"2002-11-10,12"	""
"2002-11-10,12"	" if it's to be integrated anywhere, it's at [[libertarian socialism]] (moving to [[User:Camembert/Sandbox]], and see talk"
"2002-11-10,12"	" beginning to integrate useful material from last edits; elaborate/changed paragraph on \"other tendencies\" in anarchism: eco/green & anarcho-feminism"
"2002-11-11,12"	" rewrite \"development of anarchism\" -- will need more"
"2002-11-12,12"	" removing sentence obsoleted by new, better text"
"2002-11-12,12"	""
"2002-11-12,12"	" putting line back in - why the dots? :S"
"2002-11-14,12"	" clarified original concept of anarchism, and left explanation on other theories that claim to be anarchistic to follow"
"2002-11-14,12"	" revert -- see talk"
"2002-11-15,12"	" === -> =="
"2002-11-15,12"	""
"2002-11-22,12"	""
"2002-11-23,12"	" major changes; *very* little taken out, lots put in and reorganised; see talk"
"2002-11-23,12"	""
"2002-11-23,12"	" removing duplicate links"
"2002-11-24,12"	""
"2002-11-24,12"	" moved words"
"2002-11-26,12"	""
"2002-11-27,12"	""
"2002-11-27,12"	" removing [[noodle]] link!"
"2002-11-30,12"	" added link to diggers"
"2002-12-01,12"	" added link"
"2002-12-06,12"	" see also social ecology"
"2002-12-10,12"	" Made the Greek roots of 'anarchy' more specific and precise, and seperated the paragraph into two."
"2002-12-10,12"	" 'totalitarianism and/or, militarism' -> 'totalitarianism, and/or militarism'"
"2002-12-11,12"	" 'hierachy' -> 'hierarchy'; + \"without government\""
"2002-12-11,12"	" Adding a note for people to compare the suffixes '-arch' and '-archy' if they desire more insight. Necessary?"
"2002-12-11,12"	" If the heading for 'Individualist anarchism' gets a link, shouldn't the headings for 'Anarcho-capitalism' and 'Libertarian socialism'? [oops, accidently hit enter just before]"
"2002-12-11,12"	" 'Libertarian Socialists' -> 'libertarian socialists'"
"2002-12-11,12"	" 'Anarcho-capitalist' -> 'anarcho-capitalist', in the middle of a sentence"
"2002-12-11,12"	" 'done without completely' -> 'done away with completely', makes more sense"
"2002-12-11,12"	" 'in presence of governments' -> 'in the presence of governments'"
"2002-12-11,12"	" added anarchist groups"
"2002-12-12,12"	" Adding some real-world \"anarchies functioning today\"."
"2002-12-12,12"	" para break"
"2002-12-12,12"	""
"2002-12-12,12"	""
"2002-12-12,12"	" format"
"2002-12-16,12"	" more real world anarchies and external links"
"2002-12-16,12"	" a few more external links"
"2002-12-17,12"	" Added over-simplification disclaimer, just so we're being honest with readers."
"2002-12-17,12"	" Oops, formatting fix."
"2002-12-17,12"	" Another tiny formatting fix."
"2001-01-19,6"	" *"
"2001-01-20,8"	" *"
"2001-01-21,10"	" *"
"2001-10-11,12"	" *Restoring the deleted names until they get put somewhere else"
"2001-11-28,12"	" tolstoy and chomsky"
"2001-12-02,12"	" *Add two substantial resource links"
"2002-02-25,12"	" Automated conversion"
"2002-02-25,12"	" *"
"2002-02-27,12"	" *"
"2002-02-27,12"	" *"
"2002-03-01,12"	" term in bold"
"2002-04-02,12"	" *"
"2002-04-02,12"	" *"
"2002-04-02,12"	" *"
"2002-04-02,12"	" *"
"2002-04-03,12"	" Fixed Chomsky's birthyear"
"2002-04-26,12"	" more about the individualist anarchists way of thinking"
"2002-05-01,12"	" *added 3 first names to links"
"2002-05-01,12"	" adjusted reference to anomie."
"2002-05-01,12"	" *"
"2002-06-21,12"	" esperanto cross-language link"
"2002-06-23,12"	" *link politics, government"
"2002-07-14,12"	" *"
"2002-07-14,12"	" *"
"2002-07-16,12"	" *"
"2002-07-17,12"	""
"2002-07-18,12"	" *"
"2002-07-18,12"	" remove material sent to libertarian socialism"
"2002-07-23,12"	" lang links: +fr, pl"
"2002-07-24,12"	""
"2002-07-24,12"	""
"2002-07-24,12"	""
"2002-07-25,12"	""
"2002-08-01,12"	" added given name \"Pierre-Joseph\" to existing surname of Proudhon; for consistency with other proper name list items."
"2002-08-01,12"	" corrected spelling for \"assinated\" to \"assassinated\""
"2002-08-24,12"	""
"2002-08-24,12"	""
"2002-08-28,12"	""
"2002-08-28,12"	""
"2002-08-31,12"	""
"2002-08-31,12"	" crass"
"2002-09-01,12"	" correct kropotkin"
"2002-09-01,12"	" added some anarchist names"
"2002-09-01,12"	""
"2002-09-01,12"	""
"2002-09-02,12"	" edited links"
"2002-09-02,12"	""
"2002-09-03,12"	" added \"anarchist musicians\" section; needs more!"
"2002-09-03,12"	" changed general strike wikilink"
"2002-09-03,12"	" john cage"
"2002-09-04,12"	""
"2002-09-05,12"	" Start of an idea to broach religion and anarchism"
"2002-09-07,12"	""
"2002-09-09,12"	""
"2002-09-09,12"	""
"2002-09-09,12"	""
"2002-09-09,12"	" violence/ emma goldman .. needs more, methinx"
"2002-09-13,12"	""
"2002-09-13,12"	""
"2002-09-14,12"	" Just some messing with the lists"
"2002-09-17,12"	" Breif start to \"anarchism in history\" - \"spanish civil war\""
"2002-09-17,12"	""
"2002-09-17,12"	" removed anarchism in history to put on libert. socialism"
"2002-09-19,12"	" fixed link to politics"
"2002-09-22,12"	" removing most of list of names (please classify the remaining two)"
"2002-09-26,12"	""
"2002-09-26,12"	""
"2002-09-28,12"	""
"2002-09-28,12"	" Who is Adam Rinkleff? Google is clueless"
"2002-09-28,12"	""
"2002-09-28,12"	" This is an encyclopedia, not a homepage provider"
"2002-09-28,12"	" removed \"anarchist musicians\" to [[anarchism in the arts]], added \"see also\" link here"
"2002-09-28,12"	" moved terrorism stuff to new heading \"anarchism and [[terrorism]]\"; elaborated on goldman's thoughts & experiences on violence"
"2002-09-28,12"	" moving \"* [[Voltairine de Cleyre]] (1866 - 1912)\" to [[libertarian socialism]]"
"2002-09-28,12"	" added a \"roots of anarchism\" title; needs something on the development of anarcho-capitalism"
"2002-09-28,12"	""
"2002-09-28,12"	" moved the last thinker - * [[Miguel Garcia]] - to [[libertarian socialism]]: apparently, he was a Spanish anarchist: \"sentenced to death in Barcelona (February 1952), served 20yrs in prison\""
"2002-09-28,12"	" started a further reading list"
"2002-09-28,12"	""
"2002-09-28,12"	""
"2002-10-01,12"	" information about anarcho-dyndicalist communes added"
"2002-10-01,12"	""
"2002-10-01,12"	" err... i mean, removing \"monty python\" bit"
"2002-10-01,12"	""
"2002-10-02,12"	""
"2002-10-02,12"	""
"2002-10-02,12"	""
"2002-10-02,12"	""
"2002-10-02,12"	""
"2002-10-02,12"	""
"2002-10-02,12"	""
"2002-10-02,12"	""
"2002-10-02,12"	""
"2002-10-02,12"	""
"2002-10-02,12"	""
"2002-10-02,12"	""
"2002-10-02,12"	""
"2002-10-02,12"	""
"2002-10-02,12"	""
"2002-10-02,12"	""
"2002-10-02,12"	""
"2002-10-02,12"	""
"2002-10-02,12"	""
"2002-10-02,12"	""
"2002-10-02,12"	""
"2002-10-02,12"	""
"2002-10-02,12"	""
"2002-10-02,12"	""
"2002-10-02,12"	""
"2002-10-02,12"	""
"2002-10-02,12"	""
"2002-10-02,12"	""
"2002-10-02,12"	""
"2002-10-02,12"	""
"2002-10-02,12"	""
"2002-10-02,12"	""
"2002-10-02,12"	""
"2002-10-02,12"	""
"2002-10-02,12"	""
"2002-10-02,12"	""
"2002-10-02,12"	" Hey...Libretarian Socialism might be cool too but this /is/ Anarchism-so i cleaned up the first few paragraphs a LOT"
"2002-10-02,12"	" actually... reverting Lir's edits"
"2002-10-02,12"	" Undoing Grafts destruction of an hours editing"
"2002-10-02,12"	" iww"
"2002-10-02,12"	" external link to \"What is anarchism?\""
"2002-10-02,12"	" reverting again, please use the talk pages before more edits"
"2002-10-02,12"	" Dan, I'm just adding one little external link at the bottom -- possibly the source that Lir was using"
"2002-10-02,12"	" NEW DISCLAIMER!"
"2002-10-02,12"	""
"2002-10-02,12"	""
"2002-10-02,12"	" anarcho punk link"
"2002-10-02,12"	" super-capitalists"
"2002-10-02,12"	""
"2002-10-02,12"	" moving text to talk"
"2002-10-02,12"	" more on anarcho-cap"
"2002-10-02,12"	""
"2002-10-02,12"	""
"2002-10-02,12"	""
"2002-10-02,12"	""
"2002-10-02,12"	" Revert to pre- rant"
"2002-10-02,12"	" Rant? Stop changing the document when you havent read it"
"2002-10-02,12"	""
"2002-10-02,12"	""
"2002-10-02,12"	" NPOV"
"2002-10-02,12"	" R u actually going to read it?"
"2002-10-02,12"	""
"2002-10-02,12"	" NPOV version, again"
"2002-10-02,12"	" The Fascist Propaganda was posted again so I fixed it by noting that anarchism opposes totalitarianism-something which somebody seems to disagree with for some reason...hmm they must not be an anarchi"
"2002-10-02,12"	""
"2002-10-02,12"	" put my tidied links back!!! And anarcho punk...."
"2002-10-02,12"	" minor"
"2002-10-02,12"	""
"2002-10-02,12"	" clarification on anarcho-capitalism"
"2002-10-02,12"	""
"2002-10-02,12"	""
"2002-10-02,12"	" the libretarian compromise"
"2002-10-02,12"	" libretarian compromise 2.0"
"2002-10-02,12"	" Dobbs Compromise 1.0"
"2002-10-02,12"	" Dobbs Compromise 1.0b"
"2002-10-02,12"	" Starting some cleanup..."
"2002-10-02,12"	" GO GO GO IOWA STATE!"
"2002-10-02,12"	" More cleanup..."
"2002-10-02,12"	" not just totalitarian."
"2002-10-03,12"	" removing redundant paragraph, redundant listings, also see /talk"
"2002-10-03,12"	" clarify that this is a pointer page"
"2002-10-03,12"	" added paragraph on development and growth of anarchism. some of this might be better in libertarian socialism,but the history needs discussion here too,it'll help explain the relative roots of each"
"2002-10-03,12"	""
"2002-10-03,12"	""
"2002-10-03,12"	""
"2002-10-03,12"	""
"2002-10-03,12"	" Primitivism is not the same as \"green anarchism\", and there is a green anarchism page"
"2002-10-03,12"	""
"2002-10-03,12"	" superfluous to define \"general strike\" when its already linked immediately following"
